<?xml version="1.0" encoding="utf-8"?>
<!DOCTYPE coverage SYSTEM "http://cobertura.sourceforge.net/xml/coverage-04.dtd">
<coverage line-rate="0.38837259563432" branch-rate="0.291095890410959" lines-covered="1797" lines-valid="4627" branches-covered="170" branches-valid="584" complexity="1295" version="0" timestamp="1754923485">
  <sources />
  <packages>
    <package name="HotPot23API" line-rate="0.275729646697389" branch-rate="0.243542435424354" complexity="1207">
      <classes>
        <class name="HotPot23API.Contexts.FoodDeliveryManagementContext" filename="C:\Users\Panuval\source\repos\HotPot23Solution\HotPot23API\Contexts\FoodDeliveryManagementContext.cs" line-rate="1" branch-rate="1" complexity="28">
          <methods>
            <method name=".ctor" signature="(...)" line-rate="1" branch-rate="1" complexity="1">
              <lines>
                <line number="8" hits="1" branch="false" />
              </lines>
            </method>
            <method name="get_UserMasters" signature="()" line-rate="1" branch-rate="1" complexity="1">
              <lines>
                <line number="11" hits="1" branch="false" />
              </lines>
            </method>
            <method name="set_UserMasters" signature="(...)" line-rate="1" branch-rate="1" complexity="1">
              <lines>
                <line number="11" hits="1" branch="false" />
              </lines>
            </method>
            <method name="get_UserAddressMasters" signature="()" line-rate="1" branch-rate="1" complexity="1">
              <lines>
                <line number="12" hits="1" branch="false" />
              </lines>
            </method>
            <method name="set_UserAddressMasters" signature="(...)" line-rate="1" branch-rate="1" complexity="1">
              <lines>
                <line number="12" hits="1" branch="false" />
              </lines>
            </method>
            <method name="get_RestaurantMasters" signature="()" line-rate="1" branch-rate="1" complexity="1">
              <lines>
                <line number="13" hits="1" branch="false" />
              </lines>
            </method>
            <method name="set_RestaurantMasters" signature="(...)" line-rate="1" branch-rate="1" complexity="1">
              <lines>
                <line number="13" hits="1" branch="false" />
              </lines>
            </method>
            <method name="get_CategoryMasters" signature="()" line-rate="1" branch-rate="1" complexity="1">
              <lines>
                <line number="14" hits="1" branch="false" />
              </lines>
            </method>
            <method name="set_CategoryMasters" signature="(...)" line-rate="1" branch-rate="1" complexity="1">
              <lines>
                <line number="14" hits="1" branch="false" />
              </lines>
            </method>
            <method name="get_MenuItems" signature="()" line-rate="1" branch-rate="1" complexity="1">
              <lines>
                <line number="15" hits="1" branch="false" />
              </lines>
            </method>
            <method name="set_MenuItems" signature="(...)" line-rate="1" branch-rate="1" complexity="1">
              <lines>
                <line number="15" hits="1" branch="false" />
              </lines>
            </method>
            <method name="get_DiscountMasters" signature="()" line-rate="1" branch-rate="1" complexity="1">
              <lines>
                <line number="16" hits="1" branch="false" />
              </lines>
            </method>
            <method name="set_DiscountMasters" signature="(...)" line-rate="1" branch-rate="1" complexity="1">
              <lines>
                <line number="16" hits="1" branch="false" />
              </lines>
            </method>
            <method name="get_CartTransactions" signature="()" line-rate="1" branch-rate="1" complexity="1">
              <lines>
                <line number="17" hits="1" branch="false" />
              </lines>
            </method>
            <method name="set_CartTransactions" signature="(...)" line-rate="1" branch-rate="1" complexity="1">
              <lines>
                <line number="17" hits="1" branch="false" />
              </lines>
            </method>
            <method name="get_OrderTransactions" signature="()" line-rate="1" branch-rate="1" complexity="1">
              <lines>
                <line number="18" hits="1" branch="false" />
              </lines>
            </method>
            <method name="set_OrderTransactions" signature="(...)" line-rate="1" branch-rate="1" complexity="1">
              <lines>
                <line number="18" hits="1" branch="false" />
              </lines>
            </method>
            <method name="get_OrderItemDetails" signature="()" line-rate="1" branch-rate="1" complexity="1">
              <lines>
                <line number="19" hits="1" branch="false" />
              </lines>
            </method>
            <method name="set_OrderItemDetails" signature="(...)" line-rate="1" branch-rate="1" complexity="1">
              <lines>
                <line number="19" hits="1" branch="false" />
              </lines>
            </method>
            <method name="get_PaymentTransactions" signature="()" line-rate="1" branch-rate="1" complexity="1">
              <lines>
                <line number="20" hits="1" branch="false" />
              </lines>
            </method>
            <method name="set_PaymentTransactions" signature="(...)" line-rate="1" branch-rate="1" complexity="1">
              <lines>
                <line number="20" hits="1" branch="false" />
              </lines>
            </method>
            <method name="get_DeliveryStatusTransactions" signature="()" line-rate="1" branch-rate="1" complexity="1">
              <lines>
                <line number="21" hits="1" branch="false" />
              </lines>
            </method>
            <method name="set_DeliveryStatusTransactions" signature="(...)" line-rate="1" branch-rate="1" complexity="1">
              <lines>
                <line number="21" hits="1" branch="false" />
              </lines>
            </method>
            <method name="get_ReviewTransactions" signature="()" line-rate="1" branch-rate="1" complexity="1">
              <lines>
                <line number="22" hits="1" branch="false" />
              </lines>
            </method>
            <method name="set_ReviewTransactions" signature="(...)" line-rate="1" branch-rate="1" complexity="1">
              <lines>
                <line number="22" hits="1" branch="false" />
              </lines>
            </method>
            <method name="get_Users" signature="()" line-rate="1" branch-rate="1" complexity="1">
              <lines>
                <line number="23" hits="1" branch="false" />
              </lines>
            </method>
            <method name="set_Users" signature="(...)" line-rate="1" branch-rate="1" complexity="1">
              <lines>
                <line number="23" hits="1" branch="false" />
              </lines>
            </method>
            <method name="OnModelCreating" signature="(...)" line-rate="1" branch-rate="1" complexity="1">
              <lines>
                <line number="27" hits="1" branch="false" />
                <line number="29" hits="1" branch="false" />
                <line number="32" hits="1" branch="false" />
                <line number="33" hits="1" branch="false" />
                <line number="34" hits="1" branch="false" />
                <line number="35" hits="1" branch="false" />
                <line number="36" hits="1" branch="false" />
                <line number="37" hits="1" branch="false" />
                <line number="38" hits="1" branch="false" />
                <line number="41" hits="1" branch="false" />
                <line number="42" hits="1" branch="false" />
                <line number="43" hits="1" branch="false" />
                <line number="44" hits="1" branch="false" />
                <line number="45" hits="1" branch="false" />
                <line number="46" hits="1" branch="false" />
                <line number="49" hits="1" branch="false" />
                <line number="50" hits="1" branch="false" />
                <line number="51" hits="1" branch="false" />
                <line number="52" hits="1" branch="false" />
                <line number="53" hits="1" branch="false" />
                <line number="54" hits="1" branch="false" />
                <line number="57" hits="1" branch="false" />
                <line number="58" hits="1" branch="false" />
                <line number="59" hits="1" branch="false" />
                <line number="60" hits="1" branch="false" />
                <line number="61" hits="1" branch="false" />
                <line number="62" hits="1" branch="false" />
                <line number="65" hits="1" branch="false" />
                <line number="66" hits="1" branch="false" />
                <line number="67" hits="1" branch="false" />
                <line number="68" hits="1" branch="false" />
                <line number="69" hits="1" branch="false" />
                <line number="70" hits="1" branch="false" />
                <line number="71" hits="1" branch="false" />
                <line number="72" hits="1" branch="false" />
                <line number="73" hits="1" branch="false" />
                <line number="74" hits="1" branch="false" />
                <line number="75" hits="1" branch="false" />
                <line number="78" hits="1" branch="false" />
                <line number="79" hits="1" branch="false" />
                <line number="80" hits="1" branch="false" />
                <line number="81" hits="1" branch="false" />
                <line number="82" hits="1" branch="false" />
                <line number="83" hits="1" branch="false" />
                <line number="86" hits="1" branch="false" />
                <line number="87" hits="1" branch="false" />
                <line number="88" hits="1" branch="false" />
                <line number="89" hits="1" branch="false" />
                <line number="90" hits="1" branch="false" />
                <line number="91" hits="1" branch="false" />
                <line number="92" hits="1" branch="false" />
                <line number="93" hits="1" branch="false" />
                <line number="94" hits="1" branch="false" />
                <line number="95" hits="1" branch="false" />
                <line number="96" hits="1" branch="false" />
                <line number="97" hits="1" branch="false" />
                <line number="98" hits="1" branch="false" />
                <line number="99" hits="1" branch="false" />
                <line number="102" hits="1" branch="false" />
                <line number="103" hits="1" branch="false" />
                <line number="104" hits="1" branch="false" />
                <line number="105" hits="1" branch="false" />
                <line number="106" hits="1" branch="false" />
                <line number="107" hits="1" branch="false" />
                <line number="108" hits="1" branch="false" />
                <line number="109" hits="1" branch="false" />
                <line number="110" hits="1" branch="false" />
                <line number="111" hits="1" branch="false" />
                <line number="112" hits="1" branch="false" />
                <line number="113" hits="1" branch="false" />
                <line number="114" hits="1" branch="false" />
                <line number="115" hits="1" branch="false" />
                <line number="116" hits="1" branch="false" />
                <line number="117" hits="1" branch="false" />
                <line number="120" hits="1" branch="false" />
                <line number="121" hits="1" branch="false" />
                <line number="122" hits="1" branch="false" />
                <line number="123" hits="1" branch="false" />
                <line number="124" hits="1" branch="false" />
                <line number="125" hits="1" branch="false" />
                <line number="126" hits="1" branch="false" />
                <line number="127" hits="1" branch="false" />
                <line number="128" hits="1" branch="false" />
                <line number="129" hits="1" branch="false" />
                <line number="130" hits="1" branch="false" />
                <line number="133" hits="1" branch="false" />
                <line number="134" hits="1" branch="false" />
                <line number="135" hits="1" branch="false" />
                <line number="136" hits="1" branch="false" />
                <line number="137" hits="1" branch="false" />
                <line number="138" hits="1" branch="false" />
                <line number="141" hits="1" branch="false" />
                <line number="142" hits="1" branch="false" />
                <line number="143" hits="1" branch="false" />
                <line number="144" hits="1" branch="false" />
                <line number="145" hits="1" branch="false" />
                <line number="146" hits="1" branch="false" />
                <line number="147" hits="1" branch="false" />
                <line number="148" hits="1" branch="false" />
                <line number="149" hits="1" branch="false" />
                <line number="150" hits="1" branch="false" />
                <line number="151" hits="1" branch="false" />
                <line number="154" hits="1" branch="false" />
                <line number="155" hits="1" branch="false" />
                <line number="156" hits="1" branch="false" />
                <line number="157" hits="1" branch="false" />
                <line number="158" hits="1" branch="false" />
                <line number="159" hits="1" branch="false" />
                <line number="160" hits="1" branch="false" />
                <line number="161" hits="1" branch="false" />
                <line number="162" hits="1" branch="false" />
                <line number="163" hits="1" branch="false" />
                <line number="164" hits="1" branch="false" />
                <line number="165" hits="1" branch="false" />
              </lines>
            </method>
          </methods>
          <lines>
            <line number="8" hits="1" branch="false" />
            <line number="11" hits="1" branch="false" />
            <line number="12" hits="1" branch="false" />
            <line number="13" hits="1" branch="false" />
            <line number="14" hits="1" branch="false" />
            <line number="15" hits="1" branch="false" />
            <line number="16" hits="1" branch="false" />
            <line number="17" hits="1" branch="false" />
            <line number="18" hits="1" branch="false" />
            <line number="19" hits="1" branch="false" />
            <line number="20" hits="1" branch="false" />
            <line number="21" hits="1" branch="false" />
            <line number="22" hits="1" branch="false" />
            <line number="23" hits="1" branch="false" />
            <line number="27" hits="1" branch="false" />
            <line number="29" hits="1" branch="false" />
            <line number="32" hits="1" branch="false" />
            <line number="33" hits="1" branch="false" />
            <line number="34" hits="1" branch="false" />
            <line number="35" hits="1" branch="false" />
            <line number="36" hits="1" branch="false" />
            <line number="37" hits="1" branch="false" />
            <line number="38" hits="1" branch="false" />
            <line number="41" hits="1" branch="false" />
            <line number="42" hits="1" branch="false" />
            <line number="43" hits="1" branch="false" />
            <line number="44" hits="1" branch="false" />
            <line number="45" hits="1" branch="false" />
            <line number="46" hits="1" branch="false" />
            <line number="49" hits="1" branch="false" />
            <line number="50" hits="1" branch="false" />
            <line number="51" hits="1" branch="false" />
            <line number="52" hits="1" branch="false" />
            <line number="53" hits="1" branch="false" />
            <line number="54" hits="1" branch="false" />
            <line number="57" hits="1" branch="false" />
            <line number="58" hits="1" branch="false" />
            <line number="59" hits="1" branch="false" />
            <line number="60" hits="1" branch="false" />
            <line number="61" hits="1" branch="false" />
            <line number="62" hits="1" branch="false" />
            <line number="65" hits="1" branch="false" />
            <line number="66" hits="1" branch="false" />
            <line number="67" hits="1" branch="false" />
            <line number="68" hits="1" branch="false" />
            <line number="69" hits="1" branch="false" />
            <line number="70" hits="1" branch="false" />
            <line number="71" hits="1" branch="false" />
            <line number="72" hits="1" branch="false" />
            <line number="73" hits="1" branch="false" />
            <line number="74" hits="1" branch="false" />
            <line number="75" hits="1" branch="false" />
            <line number="78" hits="1" branch="false" />
            <line number="79" hits="1" branch="false" />
            <line number="80" hits="1" branch="false" />
            <line number="81" hits="1" branch="false" />
            <line number="82" hits="1" branch="false" />
            <line number="83" hits="1" branch="false" />
            <line number="86" hits="1" branch="false" />
            <line number="87" hits="1" branch="false" />
            <line number="88" hits="1" branch="false" />
            <line number="89" hits="1" branch="false" />
            <line number="90" hits="1" branch="false" />
            <line number="91" hits="1" branch="false" />
            <line number="92" hits="1" branch="false" />
            <line number="93" hits="1" branch="false" />
            <line number="94" hits="1" branch="false" />
            <line number="95" hits="1" branch="false" />
            <line number="96" hits="1" branch="false" />
            <line number="97" hits="1" branch="false" />
            <line number="98" hits="1" branch="false" />
            <line number="99" hits="1" branch="false" />
            <line number="102" hits="1" branch="false" />
            <line number="103" hits="1" branch="false" />
            <line number="104" hits="1" branch="false" />
            <line number="105" hits="1" branch="false" />
            <line number="106" hits="1" branch="false" />
            <line number="107" hits="1" branch="false" />
            <line number="108" hits="1" branch="false" />
            <line number="109" hits="1" branch="false" />
            <line number="110" hits="1" branch="false" />
            <line number="111" hits="1" branch="false" />
            <line number="112" hits="1" branch="false" />
            <line number="113" hits="1" branch="false" />
            <line number="114" hits="1" branch="false" />
            <line number="115" hits="1" branch="false" />
            <line number="116" hits="1" branch="false" />
            <line number="117" hits="1" branch="false" />
            <line number="120" hits="1" branch="false" />
            <line number="121" hits="1" branch="false" />
            <line number="122" hits="1" branch="false" />
            <line number="123" hits="1" branch="false" />
            <line number="124" hits="1" branch="false" />
            <line number="125" hits="1" branch="false" />
            <line number="126" hits="1" branch="false" />
            <line number="127" hits="1" branch="false" />
            <line number="128" hits="1" branch="false" />
            <line number="129" hits="1" branch="false" />
            <line number="130" hits="1" branch="false" />
            <line number="133" hits="1" branch="false" />
            <line number="134" hits="1" branch="false" />
            <line number="135" hits="1" branch="false" />
            <line number="136" hits="1" branch="false" />
            <line number="137" hits="1" branch="false" />
            <line number="138" hits="1" branch="false" />
            <line number="141" hits="1" branch="false" />
            <line number="142" hits="1" branch="false" />
            <line number="143" hits="1" branch="false" />
            <line number="144" hits="1" branch="false" />
            <line number="145" hits="1" branch="false" />
            <line number="146" hits="1" branch="false" />
            <line number="147" hits="1" branch="false" />
            <line number="148" hits="1" branch="false" />
            <line number="149" hits="1" branch="false" />
            <line number="150" hits="1" branch="false" />
            <line number="151" hits="1" branch="false" />
            <line number="154" hits="1" branch="false" />
            <line number="155" hits="1" branch="false" />
            <line number="156" hits="1" branch="false" />
            <line number="157" hits="1" branch="false" />
            <line number="158" hits="1" branch="false" />
            <line number="159" hits="1" branch="false" />
            <line number="160" hits="1" branch="false" />
            <line number="161" hits="1" branch="false" />
            <line number="162" hits="1" branch="false" />
            <line number="163" hits="1" branch="false" />
            <line number="164" hits="1" branch="false" />
            <line number="165" hits="1" branch="false" />
          </lines>
        </class>
        <class name="HotPot23API.Controllers.AdminController" filename="C:\Users\Panuval\source\repos\HotPot23Solution\HotPot23API\Controllers\AdminController.cs" line-rate="0" branch-rate="0" complexity="9">
          <methods>
            <method name=".ctor" signature="(...)" line-rate="0" branch-rate="1" complexity="1">
              <lines>
                <line number="20" hits="0" branch="false" />
                <line number="21" hits="0" branch="false" />
                <line number="22" hits="0" branch="false" />
                <line number="23" hits="0" branch="false" />
                <line number="24" hits="0" branch="false" />
              </lines>
            </method>
            <method name="MoveNext" signature="()" line-rate="0" branch-rate="0" complexity="2">
              <lines>
                <line number="28" hits="0" branch="false" />
                <line number="30" hits="0" branch="false" />
                <line number="31" hits="0" branch="false" />
                <line number="32" hits="0" branch="true" condition-coverage="0% (0/2)" />
                <line number="33" hits="0" branch="false" />
                <line number="34" hits="0" branch="false" />
                <line number="36" hits="0" branch="false" />
                <line number="37" hits="0" branch="false" />
                <line number="38" hits="0" branch="false" />
                <line number="39" hits="0" branch="false" />
                <line number="41" hits="0" branch="false" />
              </lines>
            </method>
            <method name="MoveNext" signature="()" line-rate="0" branch-rate="0" complexity="2">
              <lines>
                <line number="62" hits="0" branch="false" />
                <line number="64" hits="0" branch="false" />
                <line number="65" hits="0" branch="false" />
                <line number="66" hits="0" branch="true" condition-coverage="0% (0/2)" />
                <line number="67" hits="0" branch="false" />
                <line number="68" hits="0" branch="false" />
                <line number="70" hits="0" branch="false" />
                <line number="71" hits="0" branch="false" />
                <line number="72" hits="0" branch="false" />
                <line number="73" hits="0" branch="false" />
                <line number="75" hits="0" branch="false" />
              </lines>
            </method>
            <method name="MoveNext" signature="()" line-rate="0" branch-rate="1" complexity="1">
              <lines>
                <line number="94" hits="0" branch="false" />
                <line number="96" hits="0" branch="false" />
                <line number="97" hits="0" branch="false" />
                <line number="98" hits="0" branch="false" />
                <line number="100" hits="0" branch="false" />
                <line number="101" hits="0" branch="false" />
                <line number="102" hits="0" branch="false" />
                <line number="103" hits="0" branch="false" />
                <line number="105" hits="0" branch="false" />
              </lines>
            </method>
            <method name="MoveNext" signature="()" line-rate="0" branch-rate="1" complexity="1">
              <lines>
                <line number="79" hits="0" branch="false" />
                <line number="81" hits="0" branch="false" />
                <line number="82" hits="0" branch="false" />
                <line number="83" hits="0" branch="false" />
                <line number="85" hits="0" branch="false" />
                <line number="86" hits="0" branch="false" />
                <line number="87" hits="0" branch="false" />
                <line number="88" hits="0" branch="false" />
                <line number="90" hits="0" branch="false" />
              </lines>
            </method>
            <method name="MoveNext" signature="()" line-rate="0" branch-rate="0" complexity="2">
              <lines>
                <line number="45" hits="0" branch="false" />
                <line number="47" hits="0" branch="false" />
                <line number="48" hits="0" branch="false" />
                <line number="49" hits="0" branch="true" condition-coverage="0% (0/2)" />
                <line number="50" hits="0" branch="false" />
                <line number="51" hits="0" branch="false" />
                <line number="53" hits="0" branch="false" />
                <line number="54" hits="0" branch="false" />
                <line number="55" hits="0" branch="false" />
                <line number="56" hits="0" branch="false" />
                <line number="58" hits="0" branch="false" />
              </lines>
            </method>
          </methods>
          <lines>
            <line number="20" hits="0" branch="false" />
            <line number="21" hits="0" branch="false" />
            <line number="22" hits="0" branch="false" />
            <line number="23" hits="0" branch="false" />
            <line number="24" hits="0" branch="false" />
            <line number="28" hits="0" branch="false" />
            <line number="30" hits="0" branch="false" />
            <line number="31" hits="0" branch="false" />
            <line number="32" hits="0" branch="true" condition-coverage="0% (0/2)" />
            <line number="33" hits="0" branch="false" />
            <line number="34" hits="0" branch="false" />
            <line number="36" hits="0" branch="false" />
            <line number="37" hits="0" branch="false" />
            <line number="38" hits="0" branch="false" />
            <line number="39" hits="0" branch="false" />
            <line number="41" hits="0" branch="false" />
            <line number="45" hits="0" branch="false" />
            <line number="47" hits="0" branch="false" />
            <line number="48" hits="0" branch="false" />
            <line number="49" hits="0" branch="true" condition-coverage="0% (0/2)" />
            <line number="50" hits="0" branch="false" />
            <line number="51" hits="0" branch="false" />
            <line number="53" hits="0" branch="false" />
            <line number="54" hits="0" branch="false" />
            <line number="55" hits="0" branch="false" />
            <line number="56" hits="0" branch="false" />
            <line number="58" hits="0" branch="false" />
            <line number="62" hits="0" branch="false" />
            <line number="64" hits="0" branch="false" />
            <line number="65" hits="0" branch="false" />
            <line number="66" hits="0" branch="true" condition-coverage="0% (0/2)" />
            <line number="67" hits="0" branch="false" />
            <line number="68" hits="0" branch="false" />
            <line number="70" hits="0" branch="false" />
            <line number="71" hits="0" branch="false" />
            <line number="72" hits="0" branch="false" />
            <line number="73" hits="0" branch="false" />
            <line number="75" hits="0" branch="false" />
            <line number="79" hits="0" branch="false" />
            <line number="81" hits="0" branch="false" />
            <line number="82" hits="0" branch="false" />
            <line number="83" hits="0" branch="false" />
            <line number="85" hits="0" branch="false" />
            <line number="86" hits="0" branch="false" />
            <line number="87" hits="0" branch="false" />
            <line number="88" hits="0" branch="false" />
            <line number="90" hits="0" branch="false" />
            <line number="94" hits="0" branch="false" />
            <line number="96" hits="0" branch="false" />
            <line number="97" hits="0" branch="false" />
            <line number="98" hits="0" branch="false" />
            <line number="100" hits="0" branch="false" />
            <line number="101" hits="0" branch="false" />
            <line number="102" hits="0" branch="false" />
            <line number="103" hits="0" branch="false" />
            <line number="105" hits="0" branch="false" />
          </lines>
        </class>
        <class name="HotPot23API.Controllers.AuthenticationController" filename="C:\Users\Panuval\source\repos\HotPot23Solution\HotPot23API\Controllers\AuthenticationController.cs" line-rate="0" branch-rate="1" complexity="3">
          <methods>
            <method name=".ctor" signature="(...)" line-rate="0" branch-rate="1" complexity="1">
              <lines>
                <line number="14" hits="0" branch="false" />
                <line number="15" hits="0" branch="false" />
                <line number="16" hits="0" branch="false" />
                <line number="17" hits="0" branch="false" />
                <line number="18" hits="0" branch="false" />
              </lines>
            </method>
            <method name="MoveNext" signature="()" line-rate="0" branch-rate="1" complexity="1">
              <lines>
                <line number="36" hits="0" branch="false" />
                <line number="38" hits="0" branch="false" />
                <line number="39" hits="0" branch="false" />
                <line number="40" hits="0" branch="false" />
                <line number="42" hits="0" branch="false" />
                <line number="43" hits="0" branch="false" />
                <line number="44" hits="0" branch="false" />
                <line number="45" hits="0" branch="false" />
                <line number="47" hits="0" branch="false" />
              </lines>
            </method>
            <method name="MoveNext" signature="()" line-rate="0" branch-rate="1" complexity="1">
              <lines>
                <line number="22" hits="0" branch="false" />
                <line number="24" hits="0" branch="false" />
                <line number="25" hits="0" branch="false" />
                <line number="26" hits="0" branch="false" />
                <line number="28" hits="0" branch="false" />
                <line number="29" hits="0" branch="false" />
                <line number="30" hits="0" branch="false" />
                <line number="32" hits="0" branch="false" />
              </lines>
            </method>
          </methods>
          <lines>
            <line number="14" hits="0" branch="false" />
            <line number="15" hits="0" branch="false" />
            <line number="16" hits="0" branch="false" />
            <line number="17" hits="0" branch="false" />
            <line number="18" hits="0" branch="false" />
            <line number="22" hits="0" branch="false" />
            <line number="24" hits="0" branch="false" />
            <line number="25" hits="0" branch="false" />
            <line number="26" hits="0" branch="false" />
            <line number="28" hits="0" branch="false" />
            <line number="29" hits="0" branch="false" />
            <line number="30" hits="0" branch="false" />
            <line number="32" hits="0" branch="false" />
            <line number="36" hits="0" branch="false" />
            <line number="38" hits="0" branch="false" />
            <line number="39" hits="0" branch="false" />
            <line number="40" hits="0" branch="false" />
            <line number="42" hits="0" branch="false" />
            <line number="43" hits="0" branch="false" />
            <line number="44" hits="0" branch="false" />
            <line number="45" hits="0" branch="false" />
            <line number="47" hits="0" branch="false" />
          </lines>
        </class>
        <class name="HotPot23API.Controllers.RestaurantController" filename="C:\Users\Panuval\source\repos\HotPot23Solution\HotPot23API\Controllers\RestaurantController.cs" line-rate="0" branch-rate="0" complexity="39">
          <methods>
            <method name=".ctor" signature="(...)" line-rate="0" branch-rate="1" complexity="1">
              <lines>
                <line number="20" hits="0" branch="false" />
                <line number="21" hits="0" branch="false" />
                <line number="22" hits="0" branch="false" />
                <line number="23" hits="0" branch="false" />
                <line number="24" hits="0" branch="false" />
              </lines>
            </method>
            <method name="GetLoggedInRestaurantId" signature="()" line-rate="0" branch-rate="0" complexity="6">
              <lines>
                <line number="27" hits="0" branch="false" />
                <line number="28" hits="0" branch="true" condition-coverage="0% (0/2)" />
                <line number="29" hits="0" branch="true" condition-coverage="0% (0/4)" />
                <line number="30" hits="0" branch="false" />
                <line number="31" hits="0" branch="false" />
                <line number="33" hits="0" branch="false" />
                <line number="34" hits="0" branch="false" />
              </lines>
            </method>
            <method name="GetLoggedInUserId" signature="()" line-rate="0" branch-rate="0" complexity="10">
              <lines>
                <line number="37" hits="0" branch="false" />
                <line number="38" hits="0" branch="true" condition-coverage="0% (0/6)" />
                <line number="39" hits="0" branch="true" condition-coverage="0% (0/4)" />
                <line number="40" hits="0" branch="false" />
                <line number="41" hits="0" branch="false" />
                <line number="43" hits="0" branch="false" />
                <line number="44" hits="0" branch="false" />
              </lines>
            </method>
            <method name="MoveNext" signature="()" line-rate="0" branch-rate="0" complexity="2">
              <lines>
                <line number="69" hits="0" branch="false" />
                <line number="71" hits="0" branch="false" />
                <line number="72" hits="0" branch="false" />
                <line number="73" hits="0" branch="false" />
                <line number="74" hits="0" branch="true" condition-coverage="0% (0/2)" />
                <line number="75" hits="0" branch="false" />
                <line number="77" hits="0" branch="false" />
                <line number="79" hits="0" branch="false" />
                <line number="80" hits="0" branch="false" />
                <line number="81" hits="0" branch="false" />
                <line number="82" hits="0" branch="false" />
                <line number="84" hits="0" branch="false" />
                <line number="85" hits="0" branch="false" />
                <line number="86" hits="0" branch="false" />
                <line number="87" hits="0" branch="false" />
                <line number="89" hits="0" branch="false" />
              </lines>
            </method>
            <method name="MoveNext" signature="()" line-rate="0" branch-rate="0" complexity="2">
              <lines>
                <line number="258" hits="0" branch="false" />
                <line number="260" hits="0" branch="false" />
                <line number="261" hits="0" branch="false" />
                <line number="262" hits="0" branch="false" />
                <line number="263" hits="0" branch="true" condition-coverage="0% (0/2)" />
                <line number="264" hits="0" branch="false" />
                <line number="266" hits="0" branch="false" />
                <line number="267" hits="0" branch="false" />
                <line number="269" hits="0" branch="false" />
                <line number="270" hits="0" branch="false" />
                <line number="271" hits="0" branch="false" />
                <line number="272" hits="0" branch="false" />
                <line number="274" hits="0" branch="false" />
                <line number="275" hits="0" branch="false" />
                <line number="276" hits="0" branch="false" />
                <line number="277" hits="0" branch="false" />
                <line number="279" hits="0" branch="false" />
              </lines>
            </method>
            <method name="MoveNext" signature="()" line-rate="0" branch-rate="0" complexity="2">
              <lines>
                <line number="186" hits="0" branch="false" />
                <line number="188" hits="0" branch="false" />
                <line number="189" hits="0" branch="false" />
                <line number="190" hits="0" branch="false" />
                <line number="191" hits="0" branch="true" condition-coverage="0% (0/2)" />
                <line number="192" hits="0" branch="false" />
                <line number="194" hits="0" branch="false" />
                <line number="196" hits="0" branch="false" />
                <line number="197" hits="0" branch="false" />
                <line number="198" hits="0" branch="false" />
                <line number="199" hits="0" branch="false" />
                <line number="201" hits="0" branch="false" />
                <line number="202" hits="0" branch="false" />
                <line number="203" hits="0" branch="false" />
                <line number="204" hits="0" branch="false" />
                <line number="206" hits="0" branch="false" />
              </lines>
            </method>
            <method name="MoveNext" signature="()" line-rate="0" branch-rate="0" complexity="2">
              <lines>
                <line number="117" hits="0" branch="false" />
                <line number="119" hits="0" branch="false" />
                <line number="120" hits="0" branch="false" />
                <line number="121" hits="0" branch="false" />
                <line number="122" hits="0" branch="true" condition-coverage="0% (0/2)" />
                <line number="123" hits="0" branch="false" />
                <line number="125" hits="0" branch="false" />
                <line number="127" hits="0" branch="false" />
                <line number="128" hits="0" branch="false" />
                <line number="129" hits="0" branch="false" />
                <line number="130" hits="0" branch="false" />
                <line number="132" hits="0" branch="false" />
                <line number="133" hits="0" branch="false" />
                <line number="134" hits="0" branch="false" />
                <line number="135" hits="0" branch="false" />
                <line number="137" hits="0" branch="false" />
              </lines>
            </method>
            <method name="MoveNext" signature="()" line-rate="0" branch-rate="0" complexity="2">
              <lines>
                <line number="234" hits="0" branch="false" />
                <line number="236" hits="0" branch="false" />
                <line number="237" hits="0" branch="false" />
                <line number="238" hits="0" branch="false" />
                <line number="239" hits="0" branch="true" condition-coverage="0% (0/2)" />
                <line number="240" hits="0" branch="false" />
                <line number="242" hits="0" branch="false" />
                <line number="244" hits="0" branch="false" />
                <line number="245" hits="0" branch="false" />
                <line number="246" hits="0" branch="false" />
                <line number="247" hits="0" branch="false" />
                <line number="249" hits="0" branch="false" />
                <line number="250" hits="0" branch="false" />
                <line number="251" hits="0" branch="false" />
                <line number="252" hits="0" branch="false" />
                <line number="254" hits="0" branch="false" />
              </lines>
            </method>
            <method name="MoveNext" signature="()" line-rate="0" branch-rate="1" complexity="1">
              <lines>
                <line number="141" hits="0" branch="false" />
                <line number="143" hits="0" branch="false" />
                <line number="144" hits="0" branch="false" />
                <line number="145" hits="0" branch="false" />
                <line number="146" hits="0" branch="false" />
                <line number="148" hits="0" branch="false" />
                <line number="149" hits="0" branch="false" />
                <line number="150" hits="0" branch="false" />
                <line number="151" hits="0" branch="false" />
                <line number="153" hits="0" branch="false" />
                <line number="154" hits="0" branch="false" />
                <line number="155" hits="0" branch="false" />
                <line number="156" hits="0" branch="false" />
                <line number="158" hits="0" branch="false" />
              </lines>
            </method>
            <method name="MoveNext" signature="()" line-rate="0" branch-rate="1" complexity="1">
              <lines>
                <line number="48" hits="0" branch="false" />
                <line number="50" hits="0" branch="false" />
                <line number="51" hits="0" branch="false" />
                <line number="52" hits="0" branch="false" />
                <line number="53" hits="0" branch="false" />
                <line number="55" hits="0" branch="false" />
                <line number="56" hits="0" branch="false" />
                <line number="57" hits="0" branch="false" />
                <line number="58" hits="0" branch="false" />
                <line number="60" hits="0" branch="false" />
                <line number="61" hits="0" branch="false" />
                <line number="62" hits="0" branch="false" />
                <line number="63" hits="0" branch="false" />
                <line number="65" hits="0" branch="false" />
              </lines>
            </method>
            <method name="MoveNext" signature="()" line-rate="0" branch-rate="1" complexity="1">
              <lines>
                <line number="283" hits="0" branch="false" />
                <line number="285" hits="0" branch="false" />
                <line number="286" hits="0" branch="false" />
                <line number="287" hits="0" branch="false" />
                <line number="288" hits="0" branch="false" />
                <line number="290" hits="0" branch="false" />
                <line number="291" hits="0" branch="false" />
                <line number="292" hits="0" branch="false" />
                <line number="293" hits="0" branch="false" />
                <line number="295" hits="0" branch="false" />
                <line number="296" hits="0" branch="false" />
                <line number="297" hits="0" branch="false" />
                <line number="298" hits="0" branch="false" />
                <line number="300" hits="0" branch="false" />
              </lines>
            </method>
            <method name="MoveNext" signature="()" line-rate="0" branch-rate="0" complexity="2">
              <lines>
                <line number="162" hits="0" branch="false" />
                <line number="164" hits="0" branch="false" />
                <line number="165" hits="0" branch="false" />
                <line number="166" hits="0" branch="false" />
                <line number="167" hits="0" branch="true" condition-coverage="0% (0/2)" />
                <line number="168" hits="0" branch="false" />
                <line number="170" hits="0" branch="false" />
                <line number="172" hits="0" branch="false" />
                <line number="173" hits="0" branch="false" />
                <line number="174" hits="0" branch="false" />
                <line number="175" hits="0" branch="false" />
                <line number="177" hits="0" branch="false" />
                <line number="178" hits="0" branch="false" />
                <line number="179" hits="0" branch="false" />
                <line number="180" hits="0" branch="false" />
                <line number="182" hits="0" branch="false" />
              </lines>
            </method>
            <method name="MoveNext" signature="()" line-rate="0" branch-rate="1" complexity="1">
              <lines>
                <line number="330" hits="0" branch="false" />
                <line number="332" hits="0" branch="false" />
                <line number="333" hits="0" branch="false" />
                <line number="334" hits="0" branch="false" />
                <line number="335" hits="0" branch="false" />
                <line number="337" hits="0" branch="false" />
                <line number="338" hits="0" branch="false" />
                <line number="339" hits="0" branch="false" />
                <line number="340" hits="0" branch="false" />
                <line number="342" hits="0" branch="false" />
                <line number="343" hits="0" branch="false" />
                <line number="344" hits="0" branch="false" />
                <line number="345" hits="0" branch="false" />
                <line number="347" hits="0" branch="false" />
              </lines>
            </method>
            <method name="MoveNext" signature="()" line-rate="0" branch-rate="0" complexity="2">
              <lines>
                <line number="93" hits="0" branch="false" />
                <line number="95" hits="0" branch="false" />
                <line number="96" hits="0" branch="false" />
                <line number="97" hits="0" branch="false" />
                <line number="98" hits="0" branch="true" condition-coverage="0% (0/2)" />
                <line number="99" hits="0" branch="false" />
                <line number="101" hits="0" branch="false" />
                <line number="103" hits="0" branch="false" />
                <line number="104" hits="0" branch="false" />
                <line number="105" hits="0" branch="false" />
                <line number="106" hits="0" branch="false" />
                <line number="108" hits="0" branch="false" />
                <line number="109" hits="0" branch="false" />
                <line number="110" hits="0" branch="false" />
                <line number="111" hits="0" branch="false" />
                <line number="113" hits="0" branch="false" />
              </lines>
            </method>
            <method name="MoveNext" signature="()" line-rate="0" branch-rate="0" complexity="2">
              <lines>
                <line number="210" hits="0" branch="false" />
                <line number="212" hits="0" branch="false" />
                <line number="213" hits="0" branch="false" />
                <line number="214" hits="0" branch="false" />
                <line number="215" hits="0" branch="true" condition-coverage="0% (0/2)" />
                <line number="216" hits="0" branch="false" />
                <line number="218" hits="0" branch="false" />
                <line number="220" hits="0" branch="false" />
                <line number="221" hits="0" branch="false" />
                <line number="222" hits="0" branch="false" />
                <line number="223" hits="0" branch="false" />
                <line number="225" hits="0" branch="false" />
                <line number="226" hits="0" branch="false" />
                <line number="227" hits="0" branch="false" />
                <line number="228" hits="0" branch="false" />
                <line number="230" hits="0" branch="false" />
              </lines>
            </method>
            <method name="MoveNext" signature="()" line-rate="0" branch-rate="0" complexity="2">
              <lines>
                <line number="304" hits="0" branch="false" />
                <line number="306" hits="0" branch="false" />
                <line number="307" hits="0" branch="false" />
                <line number="308" hits="0" branch="false" />
                <line number="310" hits="0" branch="false" />
                <line number="311" hits="0" branch="true" condition-coverage="0% (0/2)" />
                <line number="312" hits="0" branch="false" />
                <line number="314" hits="0" branch="false" />
                <line number="316" hits="0" branch="false" />
                <line number="317" hits="0" branch="false" />
                <line number="318" hits="0" branch="false" />
                <line number="319" hits="0" branch="false" />
                <line number="321" hits="0" branch="false" />
                <line number="322" hits="0" branch="false" />
                <line number="323" hits="0" branch="false" />
                <line number="324" hits="0" branch="false" />
                <line number="326" hits="0" branch="false" />
              </lines>
            </method>
          </methods>
          <lines>
            <line number="20" hits="0" branch="false" />
            <line number="21" hits="0" branch="false" />
            <line number="22" hits="0" branch="false" />
            <line number="23" hits="0" branch="false" />
            <line number="24" hits="0" branch="false" />
            <line number="27" hits="0" branch="false" />
            <line number="28" hits="0" branch="true" condition-coverage="0% (0/2)" />
            <line number="29" hits="0" branch="true" condition-coverage="0% (0/4)" />
            <line number="30" hits="0" branch="false" />
            <line number="31" hits="0" branch="false" />
            <line number="33" hits="0" branch="false" />
            <line number="34" hits="0" branch="false" />
            <line number="37" hits="0" branch="false" />
            <line number="38" hits="0" branch="true" condition-coverage="0% (0/6)" />
            <line number="39" hits="0" branch="true" condition-coverage="0% (0/4)" />
            <line number="40" hits="0" branch="false" />
            <line number="41" hits="0" branch="false" />
            <line number="43" hits="0" branch="false" />
            <line number="44" hits="0" branch="false" />
            <line number="48" hits="0" branch="false" />
            <line number="50" hits="0" branch="false" />
            <line number="51" hits="0" branch="false" />
            <line number="52" hits="0" branch="false" />
            <line number="53" hits="0" branch="false" />
            <line number="55" hits="0" branch="false" />
            <line number="56" hits="0" branch="false" />
            <line number="57" hits="0" branch="false" />
            <line number="58" hits="0" branch="false" />
            <line number="60" hits="0" branch="false" />
            <line number="61" hits="0" branch="false" />
            <line number="62" hits="0" branch="false" />
            <line number="63" hits="0" branch="false" />
            <line number="65" hits="0" branch="false" />
            <line number="69" hits="0" branch="false" />
            <line number="71" hits="0" branch="false" />
            <line number="72" hits="0" branch="false" />
            <line number="73" hits="0" branch="false" />
            <line number="74" hits="0" branch="true" condition-coverage="0% (0/2)" />
            <line number="75" hits="0" branch="false" />
            <line number="77" hits="0" branch="false" />
            <line number="79" hits="0" branch="false" />
            <line number="80" hits="0" branch="false" />
            <line number="81" hits="0" branch="false" />
            <line number="82" hits="0" branch="false" />
            <line number="84" hits="0" branch="false" />
            <line number="85" hits="0" branch="false" />
            <line number="86" hits="0" branch="false" />
            <line number="87" hits="0" branch="false" />
            <line number="89" hits="0" branch="false" />
            <line number="93" hits="0" branch="false" />
            <line number="95" hits="0" branch="false" />
            <line number="96" hits="0" branch="false" />
            <line number="97" hits="0" branch="false" />
            <line number="98" hits="0" branch="true" condition-coverage="0% (0/2)" />
            <line number="99" hits="0" branch="false" />
            <line number="101" hits="0" branch="false" />
            <line number="103" hits="0" branch="false" />
            <line number="104" hits="0" branch="false" />
            <line number="105" hits="0" branch="false" />
            <line number="106" hits="0" branch="false" />
            <line number="108" hits="0" branch="false" />
            <line number="109" hits="0" branch="false" />
            <line number="110" hits="0" branch="false" />
            <line number="111" hits="0" branch="false" />
            <line number="113" hits="0" branch="false" />
            <line number="117" hits="0" branch="false" />
            <line number="119" hits="0" branch="false" />
            <line number="120" hits="0" branch="false" />
            <line number="121" hits="0" branch="false" />
            <line number="122" hits="0" branch="true" condition-coverage="0% (0/2)" />
            <line number="123" hits="0" branch="false" />
            <line number="125" hits="0" branch="false" />
            <line number="127" hits="0" branch="false" />
            <line number="128" hits="0" branch="false" />
            <line number="129" hits="0" branch="false" />
            <line number="130" hits="0" branch="false" />
            <line number="132" hits="0" branch="false" />
            <line number="133" hits="0" branch="false" />
            <line number="134" hits="0" branch="false" />
            <line number="135" hits="0" branch="false" />
            <line number="137" hits="0" branch="false" />
            <line number="141" hits="0" branch="false" />
            <line number="143" hits="0" branch="false" />
            <line number="144" hits="0" branch="false" />
            <line number="145" hits="0" branch="false" />
            <line number="146" hits="0" branch="false" />
            <line number="148" hits="0" branch="false" />
            <line number="149" hits="0" branch="false" />
            <line number="150" hits="0" branch="false" />
            <line number="151" hits="0" branch="false" />
            <line number="153" hits="0" branch="false" />
            <line number="154" hits="0" branch="false" />
            <line number="155" hits="0" branch="false" />
            <line number="156" hits="0" branch="false" />
            <line number="158" hits="0" branch="false" />
            <line number="162" hits="0" branch="false" />
            <line number="164" hits="0" branch="false" />
            <line number="165" hits="0" branch="false" />
            <line number="166" hits="0" branch="false" />
            <line number="167" hits="0" branch="true" condition-coverage="0% (0/2)" />
            <line number="168" hits="0" branch="false" />
            <line number="170" hits="0" branch="false" />
            <line number="172" hits="0" branch="false" />
            <line number="173" hits="0" branch="false" />
            <line number="174" hits="0" branch="false" />
            <line number="175" hits="0" branch="false" />
            <line number="177" hits="0" branch="false" />
            <line number="178" hits="0" branch="false" />
            <line number="179" hits="0" branch="false" />
            <line number="180" hits="0" branch="false" />
            <line number="182" hits="0" branch="false" />
            <line number="186" hits="0" branch="false" />
            <line number="188" hits="0" branch="false" />
            <line number="189" hits="0" branch="false" />
            <line number="190" hits="0" branch="false" />
            <line number="191" hits="0" branch="true" condition-coverage="0% (0/2)" />
            <line number="192" hits="0" branch="false" />
            <line number="194" hits="0" branch="false" />
            <line number="196" hits="0" branch="false" />
            <line number="197" hits="0" branch="false" />
            <line number="198" hits="0" branch="false" />
            <line number="199" hits="0" branch="false" />
            <line number="201" hits="0" branch="false" />
            <line number="202" hits="0" branch="false" />
            <line number="203" hits="0" branch="false" />
            <line number="204" hits="0" branch="false" />
            <line number="206" hits="0" branch="false" />
            <line number="210" hits="0" branch="false" />
            <line number="212" hits="0" branch="false" />
            <line number="213" hits="0" branch="false" />
            <line number="214" hits="0" branch="false" />
            <line number="215" hits="0" branch="true" condition-coverage="0% (0/2)" />
            <line number="216" hits="0" branch="false" />
            <line number="218" hits="0" branch="false" />
            <line number="220" hits="0" branch="false" />
            <line number="221" hits="0" branch="false" />
            <line number="222" hits="0" branch="false" />
            <line number="223" hits="0" branch="false" />
            <line number="225" hits="0" branch="false" />
            <line number="226" hits="0" branch="false" />
            <line number="227" hits="0" branch="false" />
            <line number="228" hits="0" branch="false" />
            <line number="230" hits="0" branch="false" />
            <line number="234" hits="0" branch="false" />
            <line number="236" hits="0" branch="false" />
            <line number="237" hits="0" branch="false" />
            <line number="238" hits="0" branch="false" />
            <line number="239" hits="0" branch="true" condition-coverage="0% (0/2)" />
            <line number="240" hits="0" branch="false" />
            <line number="242" hits="0" branch="false" />
            <line number="244" hits="0" branch="false" />
            <line number="245" hits="0" branch="false" />
            <line number="246" hits="0" branch="false" />
            <line number="247" hits="0" branch="false" />
            <line number="249" hits="0" branch="false" />
            <line number="250" hits="0" branch="false" />
            <line number="251" hits="0" branch="false" />
            <line number="252" hits="0" branch="false" />
            <line number="254" hits="0" branch="false" />
            <line number="258" hits="0" branch="false" />
            <line number="260" hits="0" branch="false" />
            <line number="261" hits="0" branch="false" />
            <line number="262" hits="0" branch="false" />
            <line number="263" hits="0" branch="true" condition-coverage="0% (0/2)" />
            <line number="264" hits="0" branch="false" />
            <line number="266" hits="0" branch="false" />
            <line number="267" hits="0" branch="false" />
            <line number="269" hits="0" branch="false" />
            <line number="270" hits="0" branch="false" />
            <line number="271" hits="0" branch="false" />
            <line number="272" hits="0" branch="false" />
            <line number="274" hits="0" branch="false" />
            <line number="275" hits="0" branch="false" />
            <line number="276" hits="0" branch="false" />
            <line number="277" hits="0" branch="false" />
            <line number="279" hits="0" branch="false" />
            <line number="283" hits="0" branch="false" />
            <line number="285" hits="0" branch="false" />
            <line number="286" hits="0" branch="false" />
            <line number="287" hits="0" branch="false" />
            <line number="288" hits="0" branch="false" />
            <line number="290" hits="0" branch="false" />
            <line number="291" hits="0" branch="false" />
            <line number="292" hits="0" branch="false" />
            <line number="293" hits="0" branch="false" />
            <line number="295" hits="0" branch="false" />
            <line number="296" hits="0" branch="false" />
            <line number="297" hits="0" branch="false" />
            <line number="298" hits="0" branch="false" />
            <line number="300" hits="0" branch="false" />
            <line number="304" hits="0" branch="false" />
            <line number="306" hits="0" branch="false" />
            <line number="307" hits="0" branch="false" />
            <line number="308" hits="0" branch="false" />
            <line number="310" hits="0" branch="false" />
            <line number="311" hits="0" branch="true" condition-coverage="0% (0/2)" />
            <line number="312" hits="0" branch="false" />
            <line number="314" hits="0" branch="false" />
            <line number="316" hits="0" branch="false" />
            <line number="317" hits="0" branch="false" />
            <line number="318" hits="0" branch="false" />
            <line number="319" hits="0" branch="false" />
            <line number="321" hits="0" branch="false" />
            <line number="322" hits="0" branch="false" />
            <line number="323" hits="0" branch="false" />
            <line number="324" hits="0" branch="false" />
            <line number="326" hits="0" branch="false" />
            <line number="330" hits="0" branch="false" />
            <line number="332" hits="0" branch="false" />
            <line number="333" hits="0" branch="false" />
            <line number="334" hits="0" branch="false" />
            <line number="335" hits="0" branch="false" />
            <line number="337" hits="0" branch="false" />
            <line number="338" hits="0" branch="false" />
            <line number="339" hits="0" branch="false" />
            <line number="340" hits="0" branch="false" />
            <line number="342" hits="0" branch="false" />
            <line number="343" hits="0" branch="false" />
            <line number="344" hits="0" branch="false" />
            <line number="345" hits="0" branch="false" />
            <line number="347" hits="0" branch="false" />
          </lines>
        </class>
        <class name="HotPot23API.Controllers.UserController" filename="C:\Users\Panuval\source\repos\HotPot23Solution\HotPot23API\Controllers\UserController.cs" line-rate="0" branch-rate="0" complexity="25">
          <methods>
            <method name=".ctor" signature="(...)" line-rate="0" branch-rate="1" complexity="1">
              <lines>
                <line number="20" hits="0" branch="false" />
                <line number="21" hits="0" branch="false" />
                <line number="22" hits="0" branch="false" />
                <line number="23" hits="0" branch="false" />
                <line number="24" hits="0" branch="false" />
              </lines>
            </method>
            <method name="GetLoggedInUserId" signature="()" line-rate="0" branch-rate="0" complexity="10">
              <lines>
                <line number="27" hits="0" branch="false" />
                <line number="28" hits="0" branch="true" condition-coverage="0% (0/6)" />
                <line number="30" hits="0" branch="true" condition-coverage="0% (0/4)" />
                <line number="31" hits="0" branch="false" />
                <line number="32" hits="0" branch="false" />
                <line number="35" hits="0" branch="false" />
                <line number="36" hits="0" branch="false" />
              </lines>
            </method>
            <method name="MoveNext" signature="()" line-rate="0" branch-rate="0" complexity="2">
              <lines>
                <line number="108" hits="0" branch="false" />
                <line number="109" hits="0" branch="true" condition-coverage="0% (0/2)" />
                <line number="110" hits="0" branch="false" />
                <line number="113" hits="0" branch="false" />
                <line number="114" hits="0" branch="false" />
                <line number="116" hits="0" branch="false" />
                <line number="118" hits="0" branch="false" />
                <line number="120" hits="0" branch="false" />
                <line number="121" hits="0" branch="false" />
                <line number="122" hits="0" branch="false" />
                <line number="123" hits="0" branch="false" />
                <line number="125" hits="0" branch="false" />
                <line number="126" hits="0" branch="false" />
                <line number="127" hits="0" branch="false" />
                <line number="128" hits="0" branch="false" />
                <line number="130" hits="0" branch="false" />
                <line number="131" hits="0" branch="false" />
                <line number="132" hits="0" branch="false" />
                <line number="133" hits="0" branch="false" />
                <line number="135" hits="0" branch="false" />
                <line number="136" hits="0" branch="false" />
                <line number="137" hits="0" branch="false" />
                <line number="138" hits="0" branch="false" />
                <line number="140" hits="0" branch="false" />
              </lines>
            </method>
            <method name="MoveNext" signature="()" line-rate="0" branch-rate="0" complexity="2">
              <lines>
                <line number="203" hits="0" branch="false" />
                <line number="204" hits="0" branch="true" condition-coverage="0% (0/2)" />
                <line number="205" hits="0" branch="false" />
                <line number="208" hits="0" branch="false" />
                <line number="209" hits="0" branch="false" />
                <line number="210" hits="0" branch="false" />
                <line number="211" hits="0" branch="false" />
                <line number="213" hits="0" branch="false" />
                <line number="214" hits="0" branch="false" />
                <line number="215" hits="0" branch="false" />
                <line number="216" hits="0" branch="false" />
                <line number="218" hits="0" branch="false" />
              </lines>
            </method>
            <method name="MoveNext" signature="()" line-rate="0" branch-rate="1" complexity="1">
              <lines>
                <line number="40" hits="0" branch="false" />
                <line number="42" hits="0" branch="false" />
                <line number="43" hits="0" branch="false" />
                <line number="44" hits="0" branch="false" />
                <line number="46" hits="0" branch="false" />
                <line number="47" hits="0" branch="false" />
                <line number="48" hits="0" branch="false" />
                <line number="49" hits="0" branch="false" />
                <line number="51" hits="0" branch="false" />
              </lines>
            </method>
            <method name="MoveNext" signature="()" line-rate="0" branch-rate="1" complexity="1">
              <lines>
                <line number="144" hits="0" branch="false" />
                <line number="146" hits="0" branch="false" />
                <line number="147" hits="0" branch="false" />
                <line number="148" hits="0" branch="false" />
                <line number="149" hits="0" branch="false" />
                <line number="151" hits="0" branch="false" />
                <line number="152" hits="0" branch="false" />
                <line number="153" hits="0" branch="false" />
                <line number="154" hits="0" branch="false" />
                <line number="156" hits="0" branch="false" />
                <line number="157" hits="0" branch="false" />
                <line number="158" hits="0" branch="false" />
                <line number="159" hits="0" branch="false" />
                <line number="161" hits="0" branch="false" />
              </lines>
            </method>
            <method name="MoveNext" signature="()" line-rate="0" branch-rate="1" complexity="1">
              <lines>
                <line number="60" hits="0" branch="false" />
                <line number="62" hits="0" branch="false" />
                <line number="63" hits="0" branch="false" />
                <line number="64" hits="0" branch="false" />
                <line number="66" hits="0" branch="false" />
                <line number="67" hits="0" branch="false" />
                <line number="68" hits="0" branch="false" />
                <line number="69" hits="0" branch="false" />
                <line number="71" hits="0" branch="false" />
              </lines>
            </method>
            <method name="MoveNext" signature="()" line-rate="0" branch-rate="0" complexity="2">
              <lines>
                <line number="90" hits="0" branch="false" />
                <line number="92" hits="0" branch="false" />
                <line number="93" hits="0" branch="false" />
                <line number="94" hits="0" branch="true" condition-coverage="0% (0/2)" />
                <line number="95" hits="0" branch="false" />
                <line number="97" hits="0" branch="false" />
                <line number="99" hits="0" branch="false" />
                <line number="100" hits="0" branch="false" />
                <line number="101" hits="0" branch="false" />
                <line number="102" hits="0" branch="false" />
                <line number="104" hits="0" branch="false" />
              </lines>
            </method>
            <method name="MoveNext" signature="()" line-rate="0" branch-rate="0" complexity="2">
              <lines>
                <line number="184" hits="0" branch="false" />
                <line number="186" hits="0" branch="false" />
                <line number="187" hits="0" branch="false" />
                <line number="188" hits="0" branch="false" />
                <line number="189" hits="0" branch="true" condition-coverage="0% (0/2)" />
                <line number="190" hits="0" branch="false" />
                <line number="192" hits="0" branch="false" />
                <line number="194" hits="0" branch="false" />
                <line number="195" hits="0" branch="false" />
                <line number="196" hits="0" branch="false" />
                <line number="197" hits="0" branch="false" />
                <line number="199" hits="0" branch="false" />
              </lines>
            </method>
            <method name="MoveNext" signature="()" line-rate="0" branch-rate="1" complexity="1">
              <lines>
                <line number="75" hits="0" branch="false" />
                <line number="77" hits="0" branch="false" />
                <line number="78" hits="0" branch="false" />
                <line number="79" hits="0" branch="false" />
                <line number="81" hits="0" branch="false" />
                <line number="82" hits="0" branch="false" />
                <line number="83" hits="0" branch="false" />
                <line number="84" hits="0" branch="false" />
                <line number="86" hits="0" branch="false" />
              </lines>
            </method>
            <method name="MoveNext" signature="()" line-rate="0" branch-rate="0" complexity="2">
              <lines>
                <line number="165" hits="0" branch="false" />
                <line number="166" hits="0" branch="true" condition-coverage="0% (0/2)" />
                <line number="167" hits="0" branch="false" />
                <line number="170" hits="0" branch="false" />
                <line number="171" hits="0" branch="false" />
                <line number="172" hits="0" branch="false" />
                <line number="173" hits="0" branch="false" />
                <line number="175" hits="0" branch="false" />
                <line number="176" hits="0" branch="false" />
                <line number="177" hits="0" branch="false" />
                <line number="178" hits="0" branch="false" />
                <line number="180" hits="0" branch="false" />
              </lines>
            </method>
          </methods>
          <lines>
            <line number="20" hits="0" branch="false" />
            <line number="21" hits="0" branch="false" />
            <line number="22" hits="0" branch="false" />
            <line number="23" hits="0" branch="false" />
            <line number="24" hits="0" branch="false" />
            <line number="27" hits="0" branch="false" />
            <line number="28" hits="0" branch="true" condition-coverage="0% (0/6)" />
            <line number="30" hits="0" branch="true" condition-coverage="0% (0/4)" />
            <line number="31" hits="0" branch="false" />
            <line number="32" hits="0" branch="false" />
            <line number="35" hits="0" branch="false" />
            <line number="36" hits="0" branch="false" />
            <line number="40" hits="0" branch="false" />
            <line number="42" hits="0" branch="false" />
            <line number="43" hits="0" branch="false" />
            <line number="44" hits="0" branch="false" />
            <line number="46" hits="0" branch="false" />
            <line number="47" hits="0" branch="false" />
            <line number="48" hits="0" branch="false" />
            <line number="49" hits="0" branch="false" />
            <line number="51" hits="0" branch="false" />
            <line number="60" hits="0" branch="false" />
            <line number="62" hits="0" branch="false" />
            <line number="63" hits="0" branch="false" />
            <line number="64" hits="0" branch="false" />
            <line number="66" hits="0" branch="false" />
            <line number="67" hits="0" branch="false" />
            <line number="68" hits="0" branch="false" />
            <line number="69" hits="0" branch="false" />
            <line number="71" hits="0" branch="false" />
            <line number="75" hits="0" branch="false" />
            <line number="77" hits="0" branch="false" />
            <line number="78" hits="0" branch="false" />
            <line number="79" hits="0" branch="false" />
            <line number="81" hits="0" branch="false" />
            <line number="82" hits="0" branch="false" />
            <line number="83" hits="0" branch="false" />
            <line number="84" hits="0" branch="false" />
            <line number="86" hits="0" branch="false" />
            <line number="90" hits="0" branch="false" />
            <line number="92" hits="0" branch="false" />
            <line number="93" hits="0" branch="false" />
            <line number="94" hits="0" branch="true" condition-coverage="0% (0/2)" />
            <line number="95" hits="0" branch="false" />
            <line number="97" hits="0" branch="false" />
            <line number="99" hits="0" branch="false" />
            <line number="100" hits="0" branch="false" />
            <line number="101" hits="0" branch="false" />
            <line number="102" hits="0" branch="false" />
            <line number="104" hits="0" branch="false" />
            <line number="108" hits="0" branch="false" />
            <line number="109" hits="0" branch="true" condition-coverage="0% (0/2)" />
            <line number="110" hits="0" branch="false" />
            <line number="113" hits="0" branch="false" />
            <line number="114" hits="0" branch="false" />
            <line number="116" hits="0" branch="false" />
            <line number="118" hits="0" branch="false" />
            <line number="120" hits="0" branch="false" />
            <line number="121" hits="0" branch="false" />
            <line number="122" hits="0" branch="false" />
            <line number="123" hits="0" branch="false" />
            <line number="125" hits="0" branch="false" />
            <line number="126" hits="0" branch="false" />
            <line number="127" hits="0" branch="false" />
            <line number="128" hits="0" branch="false" />
            <line number="130" hits="0" branch="false" />
            <line number="131" hits="0" branch="false" />
            <line number="132" hits="0" branch="false" />
            <line number="133" hits="0" branch="false" />
            <line number="135" hits="0" branch="false" />
            <line number="136" hits="0" branch="false" />
            <line number="137" hits="0" branch="false" />
            <line number="138" hits="0" branch="false" />
            <line number="140" hits="0" branch="false" />
            <line number="144" hits="0" branch="false" />
            <line number="146" hits="0" branch="false" />
            <line number="147" hits="0" branch="false" />
            <line number="148" hits="0" branch="false" />
            <line number="149" hits="0" branch="false" />
            <line number="151" hits="0" branch="false" />
            <line number="152" hits="0" branch="false" />
            <line number="153" hits="0" branch="false" />
            <line number="154" hits="0" branch="false" />
            <line number="156" hits="0" branch="false" />
            <line number="157" hits="0" branch="false" />
            <line number="158" hits="0" branch="false" />
            <line number="159" hits="0" branch="false" />
            <line number="161" hits="0" branch="false" />
            <line number="165" hits="0" branch="false" />
            <line number="166" hits="0" branch="true" condition-coverage="0% (0/2)" />
            <line number="167" hits="0" branch="false" />
            <line number="170" hits="0" branch="false" />
            <line number="171" hits="0" branch="false" />
            <line number="172" hits="0" branch="false" />
            <line number="173" hits="0" branch="false" />
            <line number="175" hits="0" branch="false" />
            <line number="176" hits="0" branch="false" />
            <line number="177" hits="0" branch="false" />
            <line number="178" hits="0" branch="false" />
            <line number="180" hits="0" branch="false" />
            <line number="184" hits="0" branch="false" />
            <line number="186" hits="0" branch="false" />
            <line number="187" hits="0" branch="false" />
            <line number="188" hits="0" branch="false" />
            <line number="189" hits="0" branch="true" condition-coverage="0% (0/2)" />
            <line number="190" hits="0" branch="false" />
            <line number="192" hits="0" branch="false" />
            <line number="194" hits="0" branch="false" />
            <line number="195" hits="0" branch="false" />
            <line number="196" hits="0" branch="false" />
            <line number="197" hits="0" branch="false" />
            <line number="199" hits="0" branch="false" />
            <line number="203" hits="0" branch="false" />
[...]
                <line number="35" hits="1" branch="false" />
                <line number="36" hits="1" branch="false" />
                <line number="39" hits="1" branch="false" />
                <line number="42" hits="1" branch="false" />
                <line number="43" hits="1" branch="false" />
              </lines>
            </method>
            <method name="MoveNext" signature="()" line-rate="1" branch-rate="1" complexity="1">
              <lines>
                <line number="47" hits="1" branch="false" />
                <line number="49" hits="1" branch="false" />
                <line number="50" hits="1" branch="false" />
                <line number="51" hits="1" branch="false" />
                <line number="52" hits="1" branch="false" />
                <line number="53" hits="1" branch="false" />
                <line number="54" hits="1" branch="false" />
                <line number="55" hits="1" branch="false" />
                <line number="58" hits="1" branch="false" />
                <line number="61" hits="1" branch="false" />
                <line number="62" hits="1" branch="false" />
              </lines>
            </method>
          </methods>
          <lines>
            <line number="17" hits="1" branch="false" />
            <line number="18" hits="1" branch="false" />
            <line number="19" hits="1" branch="false" />
            <line number="20" hits="1" branch="false" />
            <line number="21" hits="1" branch="false" />
            <line number="22" hits="1" branch="false" />
            <line number="23" hits="1" branch="false" />
            <line number="25" hits="1" branch="false" />
            <line number="26" hits="1" branch="false" />
            <line number="30" hits="1" branch="false" />
            <line number="32" hits="1" branch="false" />
            <line number="33" hits="1" branch="false" />
            <line number="34" hits="1" branch="false" />
            <line number="35" hits="1" branch="false" />
            <line number="36" hits="1" branch="false" />
            <line number="39" hits="1" branch="false" />
            <line number="42" hits="1" branch="false" />
            <line number="43" hits="1" branch="false" />
            <line number="47" hits="1" branch="false" />
            <line number="49" hits="1" branch="false" />
            <line number="50" hits="1" branch="false" />
            <line number="51" hits="1" branch="false" />
            <line number="52" hits="1" branch="false" />
            <line number="53" hits="1" branch="false" />
            <line number="54" hits="1" branch="false" />
            <line number="55" hits="1" branch="false" />
            <line number="58" hits="1" branch="false" />
            <line number="61" hits="1" branch="false" />
            <line number="62" hits="1" branch="false" />
            <line number="66" hits="1" branch="false" />
            <line number="68" hits="1" branch="false" />
          </lines>
        </class>
        <class name="HotPot23APITest.UserServiceTest" filename="C:\Users\Panuval\source\repos\HotPot23Solution\HotPot23Test\UserServiceTest.cs" line-rate="1" branch-rate="1" complexity="25">
          <methods>
            <method name="SearchMenuItems_Exception" signature="()" line-rate="1" branch-rate="1" complexity="1">
              <lines>
                <line number="110" hits="1" branch="false" />
                <line number="111" hits="1" branch="false" />
                <line number="112" hits="1" branch="false" />
                <line number="113" hits="1" branch="false" />
                <line number="114" hits="1" branch="false" />
              </lines>
            </method>
            <method name="AddToCart_Exception" signature="()" line-rate="1" branch-rate="1" complexity="1">
              <lines>
                <line number="144" hits="1" branch="false" />
                <line number="145" hits="1" branch="false" />
                <line number="146" hits="1" branch="false" />
                <line number="147" hits="1" branch="false" />
              </lines>
            </method>
            <method name="UpdateCartItem_Exception" signature="()" line-rate="1" branch-rate="1" complexity="1">
              <lines>
                <line number="178" hits="1" branch="false" />
                <line number="179" hits="1" branch="false" />
                <line number="180" hits="1" branch="false" />
              </lines>
            </method>
            <method name="Checkout_Exception" signature="()" line-rate="1" branch-rate="1" complexity="1">
              <lines>
                <line number="211" hits="1" branch="false" />
                <line number="212" hits="1" branch="false" />
                <line number="213" hits="1" branch="false" />
              </lines>
            </method>
            <method name="TearDown" signature="()" line-rate="1" branch-rate="1" complexity="1">
              <lines>
                <line number="218" hits="1" branch="false" />
                <line number="219" hits="1" branch="false" />
                <line number="220" hits="1" branch="false" />
              </lines>
            </method>
            <method name="MoveNext" signature="()" line-rate="1" branch-rate="1" complexity="1">
              <lines>
                <line number="136" hits="1" branch="false" />
                <line number="137" hits="1" branch="false" />
                <line number="138" hits="1" branch="false" />
                <line number="139" hits="1" branch="false" />
                <line number="140" hits="1" branch="false" />
              </lines>
            </method>
            <method name="MoveNext" signature="()" line-rate="1" branch-rate="1" complexity="1">
              <lines>
                <line number="203" hits="1" branch="false" />
                <line number="204" hits="1" branch="false" />
                <line number="205" hits="1" branch="false" />
                <line number="206" hits="1" branch="false" />
                <line number="207" hits="1" branch="false" />
              </lines>
            </method>
            <method name="MoveNext" signature="()" line-rate="1" branch-rate="1" complexity="1">
              <lines>
                <line number="78" hits="1" branch="false" />
                <line number="79" hits="1" branch="false" />
                <line number="80" hits="1" branch="false" />
                <line number="81" hits="1" branch="false" />
              </lines>
            </method>
            <method name="MoveNext" signature="()" line-rate="1" branch-rate="1" complexity="1">
              <lines>
                <line number="71" hits="1" branch="false" />
                <line number="72" hits="1" branch="false" />
                <line number="73" hits="1" branch="false" />
                <line number="74" hits="1" branch="false" />
              </lines>
            </method>
            <method name="MoveNext" signature="()" line-rate="1" branch-rate="1" complexity="1">
              <lines>
                <line number="161" hits="1" branch="false" />
                <line number="162" hits="1" branch="false" />
                <line number="163" hits="1" branch="false" />
                <line number="164" hits="1" branch="false" />
              </lines>
            </method>
            <method name="MoveNext" signature="()" line-rate="1" branch-rate="1" complexity="1">
              <lines>
                <line number="153" hits="1" branch="false" />
                <line number="154" hits="1" branch="false" />
                <line number="155" hits="1" branch="false" />
                <line number="156" hits="1" branch="false" />
                <line number="157" hits="1" branch="false" />
              </lines>
            </method>
            <method name="MoveNext" signature="()" line-rate="1" branch-rate="1" complexity="1">
              <lines>
                <line number="94" hits="1" branch="false" />
                <line number="95" hits="1" branch="false" />
                <line number="96" hits="1" branch="false" />
                <line number="97" hits="1" branch="false" />
              </lines>
            </method>
            <method name="MoveNext" signature="()" line-rate="1" branch-rate="1" complexity="1">
              <lines>
                <line number="87" hits="1" branch="false" />
                <line number="88" hits="1" branch="false" />
                <line number="89" hits="1" branch="false" />
                <line number="90" hits="1" branch="false" />
              </lines>
            </method>
            <method name="MoveNext" signature="()" line-rate="1" branch-rate="1" complexity="1">
              <lines>
                <line number="127" hits="1" branch="false" />
                <line number="128" hits="1" branch="false" />
                <line number="129" hits="1" branch="false" />
                <line number="130" hits="1" branch="false" />
              </lines>
            </method>
            <method name="MoveNext" signature="()" line-rate="1" branch-rate="1" complexity="1">
              <lines>
                <line number="120" hits="1" branch="false" />
                <line number="121" hits="1" branch="false" />
                <line number="122" hits="1" branch="false" />
                <line number="123" hits="1" branch="false" />
              </lines>
            </method>
            <method name="MoveNext" signature="()" line-rate="1" branch-rate="1" complexity="1">
              <lines>
                <line number="194" hits="1" branch="false" />
                <line number="195" hits="1" branch="false" />
                <line number="196" hits="1" branch="false" />
                <line number="197" hits="1" branch="false" />
              </lines>
            </method>
            <method name="MoveNext" signature="()" line-rate="1" branch-rate="1" complexity="1">
              <lines>
                <line number="186" hits="1" branch="false" />
                <line number="187" hits="1" branch="false" />
                <line number="188" hits="1" branch="false" />
                <line number="189" hits="1" branch="false" />
                <line number="190" hits="1" branch="false" />
              </lines>
            </method>
            <method name="MoveNext" signature="()" line-rate="1" branch-rate="1" complexity="1">
              <lines>
                <line number="103" hits="1" branch="false" />
                <line number="104" hits="1" branch="false" />
                <line number="105" hits="1" branch="false" />
                <line number="106" hits="1" branch="false" />
              </lines>
            </method>
            <method name="MoveNext" signature="()" line-rate="1" branch-rate="1" complexity="6">
              <lines>
                <line number="25" hits="1" branch="false" />
                <line number="26" hits="1" branch="false" />
                <line number="27" hits="1" branch="false" />
                <line number="28" hits="1" branch="false" />
                <line number="30" hits="1" branch="false" />
                <line number="33" hits="1" branch="false" />
                <line number="34" hits="1" branch="false" />
                <line number="37" hits="1" branch="false" />
                <line number="38" hits="1" branch="false" />
                <line number="39" hits="1" branch="false" />
                <line number="40" hits="1" branch="false" />
                <line number="42" hits="1" branch="false" />
                <line number="43" hits="1" branch="false" />
                <line number="44" hits="1" branch="false" />
                <line number="45" hits="1" branch="false" />
                <line number="49" hits="1" branch="false" />
                <line number="50" hits="1" branch="true" condition-coverage="100% (2/2)" />
                <line number="51" hits="1" branch="true" condition-coverage="100% (2/2)" />
                <line number="53" hits="1" branch="true" condition-coverage="100% (2/2)" />
                <line number="54" hits="1" branch="true" condition-coverage="100% (2/2)" />
                <line number="56" hits="1" branch="true" condition-coverage="100% (2/2)" />
                <line number="57" hits="1" branch="true" condition-coverage="100% (2/2)" />
                <line number="58" hits="1" branch="false" />
                <line number="59" hits="1" branch="false" />
                <line number="60" hits="1" branch="false" />
                <line number="61" hits="1" branch="false" />
                <line number="62" hits="1" branch="false" />
                <line number="64" hits="1" branch="false" />
                <line number="66" hits="1" branch="false" />
              </lines>
            </method>
            <method name="MoveNext" signature="()" line-rate="1" branch-rate="1" complexity="1">
              <lines>
                <line number="170" hits="1" branch="false" />
                <line number="171" hits="1" branch="false" />
                <line number="172" hits="1" branch="false" />
                <line number="173" hits="1" branch="false" />
                <line number="174" hits="1" branch="false" />
              </lines>
            </method>
          </methods>
          <lines>
            <line number="25" hits="1" branch="false" />
            <line number="26" hits="1" branch="false" />
            <line number="27" hits="1" branch="false" />
            <line number="28" hits="1" branch="false" />
            <line number="30" hits="1" branch="false" />
            <line number="33" hits="1" branch="false" />
            <line number="34" hits="1" branch="false" />
            <line number="37" hits="1" branch="false" />
            <line number="38" hits="1" branch="false" />
            <line number="39" hits="1" branch="false" />
            <line number="40" hits="1" branch="false" />
            <line number="42" hits="1" branch="false" />
            <line number="43" hits="1" branch="false" />
            <line number="44" hits="1" branch="false" />
            <line number="45" hits="1" branch="false" />
            <line number="49" hits="1" branch="false" />
            <line number="50" hits="1" branch="true" condition-coverage="100% (2/2)" />
            <line number="51" hits="1" branch="true" condition-coverage="100% (2/2)" />
            <line number="53" hits="1" branch="true" condition-coverage="100% (2/2)" />
            <line number="54" hits="1" branch="true" condition-coverage="100% (2/2)" />
            <line number="56" hits="1" branch="true" condition-coverage="100% (2/2)" />
            <line number="57" hits="1" branch="true" condition-coverage="100% (2/2)" />
            <line number="58" hits="1" branch="false" />
            <line number="59" hits="1" branch="false" />
            <line number="60" hits="1" branch="false" />
            <line number="61" hits="1" branch="false" />
            <line number="62" hits="1" branch="false" />
            <line number="64" hits="1" branch="false" />
            <line number="66" hits="1" branch="false" />
            <line number="71" hits="1" branch="false" />
            <line number="72" hits="1" branch="false" />
            <line number="73" hits="1" branch="false" />
            <line number="74" hits="1" branch="false" />
            <line number="78" hits="1" branch="false" />
            <line number="79" hits="1" branch="false" />
            <line number="80" hits="1" branch="false" />
            <line number="81" hits="1" branch="false" />
            <line number="87" hits="1" branch="false" />
            <line number="88" hits="1" branch="false" />
            <line number="89" hits="1" branch="false" />
            <line number="90" hits="1" branch="false" />
            <line number="94" hits="1" branch="false" />
            <line number="95" hits="1" branch="false" />
            <line number="96" hits="1" branch="false" />
            <line number="97" hits="1" branch="false" />
            <line number="103" hits="1" branch="false" />
            <line number="104" hits="1" branch="false" />
            <line number="105" hits="1" branch="false" />
            <line number="106" hits="1" branch="false" />
            <line number="110" hits="1" branch="false" />
            <line number="111" hits="1" branch="false" />
            <line number="112" hits="1" branch="false" />
            <line number="113" hits="1" branch="false" />
            <line number="114" hits="1" branch="false" />
            <line number="120" hits="1" branch="false" />
            <line number="121" hits="1" branch="false" />
            <line number="122" hits="1" branch="false" />
            <line number="123" hits="1" branch="false" />
            <line number="127" hits="1" branch="false" />
            <line number="128" hits="1" branch="false" />
            <line number="129" hits="1" branch="false" />
            <line number="130" hits="1" branch="false" />
            <line number="136" hits="1" branch="false" />
            <line number="137" hits="1" branch="false" />
            <line number="138" hits="1" branch="false" />
            <line number="139" hits="1" branch="false" />
            <line number="140" hits="1" branch="false" />
            <line number="144" hits="1" branch="false" />
            <line number="145" hits="1" branch="false" />
            <line number="146" hits="1" branch="false" />
            <line number="147" hits="1" branch="false" />
            <line number="153" hits="1" branch="false" />
            <line number="154" hits="1" branch="false" />
            <line number="155" hits="1" branch="false" />
            <line number="156" hits="1" branch="false" />
            <line number="157" hits="1" branch="false" />
            <line number="161" hits="1" branch="false" />
            <line number="162" hits="1" branch="false" />
            <line number="163" hits="1" branch="false" />
            <line number="164" hits="1" branch="false" />
            <line number="170" hits="1" branch="false" />
            <line number="171" hits="1" branch="false" />
            <line number="172" hits="1" branch="false" />
            <line number="173" hits="1" branch="false" />
            <line number="174" hits="1" branch="false" />
            <line number="178" hits="1" branch="false" />
            <line number="179" hits="1" branch="false" />
            <line number="180" hits="1" branch="false" />
            <line number="186" hits="1" branch="false" />
            <line number="187" hits="1" branch="false" />
            <line number="188" hits="1" branch="false" />
            <line number="189" hits="1" branch="false" />
            <line number="190" hits="1" branch="false" />
            <line number="194" hits="1" branch="false" />
            <line number="195" hits="1" branch="false" />
            <line number="196" hits="1" branch="false" />
            <line number="197" hits="1" branch="false" />
            <line number="203" hits="1" branch="false" />
            <line number="204" hits="1" branch="false" />
            <line number="205" hits="1" branch="false" />
            <line number="206" hits="1" branch="false" />
            <line number="207" hits="1" branch="false" />
            <line number="211" hits="1" branch="false" />
            <line number="212" hits="1" branch="false" />
            <line number="213" hits="1" branch="false" />
            <line number="218" hits="1" branch="false" />
            <line number="219" hits="1" branch="false" />
            <line number="220" hits="1" branch="false" />
          </lines>
        </class>
      </classes>
    </package>
  </packages>
</coverage>